c
                                   _____ __ _
                                  |_   _/ _(_)
                                    | || |_| |
                                    | ||  _| |
                                    |_||_| |_|
                                        Tools for instagram


c
                                  _____ __ _
                                 |_   _/ _(_)
                                   | || |_| |
                                   | ||  _| |
                                   |_||_| |_|
                                       Tools for instagram


c
                                 _____ __ _
                                |_   _/ _(_)
                                  | || |_| |
                                  | ||  _| |
                                  |_||_| |_|
                                      Tools for instagram


c
                                _____ __ _
                               |_   _/ _(_)
                                 | || |_| |
                                 | ||  _| |
                                 |_||_| |_|
                                     Tools for instagram


c
                               _____ __ _
                              |_   _/ _(_)
                                | || |_| |
                                | ||  _| |
                                |_||_| |_|
                                    Tools for instagram


c
                              _____ __ _
                             |_   _/ _(_)
                               | || |_| |
                               | ||  _| |
                               |_||_| |_|
                                   Tools for instagram


c
                             _____ __ _
                            |_   _/ _(_)
                              | || |_| |
                              | ||  _| |
                              |_||_| |_|
                                  Tools for instagram


c
                            _____ __ _
                           |_   _/ _(_)
                             | || |_| |
                             | ||  _| |
                             |_||_| |_|
                                 Tools for instagram


c
                           _____ __ _
                          |_   _/ _(_)
                            | || |_| |
                            | ||  _| |
                            |_||_| |_|
                                Tools for instagram


c
                          _____ __ _
                         |_   _/ _(_)
                           | || |_| |
                           | ||  _| |
                           |_||_| |_|
                               Tools for instagram


c
                         _____ __ _
                        |_   _/ _(_)
                          | || |_| |
                          | ||  _| |
                          |_||_| |_|
                              Tools for instagram


c
                        _____ __ _
                       |_   _/ _(_)
                         | || |_| |
                         | ||  _| |
                         |_||_| |_|
                             Tools for instagram


c
                       _____ __ _
                      |_   _/ _(_)
                        | || |_| |
                        | ||  _| |
                        |_||_| |_|
                            Tools for instagram


c
                      _____ __ _
                     |_   _/ _(_)
                       | || |_| |
                       | ||  _| |
                       |_||_| |_|
                           Tools for instagram


c
                     _____ __ _
                    |_   _/ _(_)
                      | || |_| |
                      | ||  _| |
                      |_||_| |_|
                          Tools for instagram


c
                    _____ __ _
                   |_   _/ _(_)
                     | || |_| |
                     | ||  _| |
                     |_||_| |_|
                         Tools for instagram


c
                   _____ __ _
                  |_   _/ _(_)
                    | || |_| |
                    | ||  _| |
                    |_||_| |_|
                        Tools for instagram


c
                  _____ __ _
                 |_   _/ _(_)
                   | || |_| |
                   | ||  _| |
                   |_||_| |_|
                       Tools for instagram


c
                 _____ __ _
                |_   _/ _(_)
                  | || |_| |
                  | ||  _| |
                  |_||_| |_|
                      Tools for instagram


c
                _____ __ _
               |_   _/ _(_)
                 | || |_| |
                 | ||  _| |
                 |_||_| |_|
                     Tools for instagram


c
               _____ __ _
              |_   _/ _(_)
                | || |_| |
                | ||  _| |
                |_||_| |_|
                    Tools for instagram


c
              _____ __ _
             |_   _/ _(_)
               | || |_| |
               | ||  _| |
               |_||_| |_|
                   Tools for instagram


c
             _____ __ _
            |_   _/ _(_)
              | || |_| |
              | ||  _| |
              |_||_| |_|
                  Tools for instagram


c
            _____ __ _
           |_   _/ _(_)
             | || |_| |
             | ||  _| |
             |_||_| |_|
                 Tools for instagram


c
           _____ __ _
          |_   _/ _(_)
            | || |_| |
            | ||  _| |
            |_||_| |_|
                Tools for instagram


c
          _____ __ _
         |_   _/ _(_)
           | || |_| |
           | ||  _| |
           |_||_| |_|
               Tools for instagram


c
         _____ __ _
        |_   _/ _(_)
          | || |_| |
          | ||  _| |
          |_||_| |_|
              Tools for instagram


c
        _____ __ _
       |_   _/ _(_)
         | || |_| |
         | ||  _| |
         |_||_| |_|
             Tools for instagram


c
       _____ __ _
      |_   _/ _(_)
        | || |_| |
        | ||  _| |
        |_||_| |_|
            Tools for instagram


c
      _____ __ _
     |_   _/ _(_)
       | || |_| |
       | ||  _| |
       |_||_| |_|
           Tools for instagram


c
     _____ __ _
    |_   _/ _(_)
      | || |_| |
      | ||  _| |
      |_||_| |_|
          Tools for instagram


c
    _____ __ _
   |_   _/ _(_)
     | || |_| |
     | ||  _| |
     |_||_| |_|
         Tools for instagram


c
   _____ __ _
  |_   _/ _(_)
    | || |_| |
    | ||  _| |
    |_||_| |_|
        Tools for instagram


c[32m[39m
 _____ __ _
|_   _/ _(_)
  | || |_| |
  | ||  _| |
  |_||_| |_|
      ŁʘǾĹϞ Ӻ۝Ȑ ༏Π§ŁĄɢЯĄ൩
c[32m[39m
[32m _____ __ _[39m
|_   _/ _(_)
  | || |_| |
  | ||  _| |
  |_||_| |_|
      ŁʘǾĹϞ Ӻ۝Ȑ ༏Π§ŁĄɢЯĄ൩
c[32m[39m
[32m _____ __ _[39m
[32m|_   _/ _(_)[39m
  | || |_| |
  | ||  _| |
  |_||_| |_|
      ŁʘǾĹϞ Ӻ۝Ȑ ༏Π§ŁĄɢЯĄ൩
c[32m[39m
[32m _____ __ _[39m
[32m|_   _/ _(_)[39m
[32m  | || |_| |[39m
  | ||  _| |
  |_||_| |_|
      ŁʘǾĹϞ Ӻ۝Ȑ ༏Π§ŁĄɢЯĄ൩
c[32m[39m
[32m _____ __ _[39m
[32m|_   _/ _(_)[39m
[32m  | || |_| |[39m
[32m  | ||  _| |[39m
  |_||_| |_|
      ŁʘǾĹϞ Ӻ۝Ȑ ༏Π§ŁĄɢЯĄ൩
c[32m[39m
[32m _____ __ _[39m
[32m|_   _/ _(_)[39m
[32m  | || |_| |[39m
[32m  | ||  _| |[39m
[32m  |_||_| |_|[39m
      ŁʘǾĹϞ Ӻ۝Ȑ ༏Π§ŁĄɢЯĄ൩
c[32m[39m
[32m _____ __ _[39m
[32m|_   _/ _(_)[39m
[32m  | || |_| |[39m
[32m  | ||  _| |[39m
[32m  |_||_| |_|[39m
[32m      ŁʘǾĹϞ Ӻ۝Ȑ ༏Π§ŁĄɢЯĄ൩[39m
c[32m[39m
[32m _____ __ _[39m
[32m|_   _/ _(_)[39m
[32m  | || |_| |[39m
[32m  | ||  _| |[39m
[32m  |_||_| |_|[39m
[32m      ŁøØĹϨ ӺѺɌ ༏ŋϞŦ@ɢƦĄԠ[39m
c[32m[39m
[32m _____ __ _[39m
[32m|_   _/ _(_)[39m
[32m  | || |_| |[39m
[32m  | ||  _| |[39m
[32m  |_||_| |_|[39m
[32m      ͳ๏๏ĹϞ ӺʘƦ ༏ҊϨͳȺɢȐȺԡ[39m
c[32m[39m
[32m _____ __ _[39m
[32m|_   _/ _(_)[39m
[32m  | || |_| |[39m
[32m  | ||  _| |[39m
[32m  |_||_| |_|[39m
[32m      Ŧ۝۝ĹϨ ӺѺЯ ༏ΠϨͳɅɢʀȺԠ[39m
c[32m[39m
[32m _____ __ _[39m
[32m|_   _/ _(_)[39m
[32m  | || |_| |[39m
[32m  | ||  _| |[39m
[32m  |_||_| |_|[39m
[32m      ŦםʘĹϨ Ӻõ® ༏ŋϨͳДɢʀĄԡ[39m
c[32m[39m
[32m _____ __ _[39m
[32m|_   _/ _(_)[39m
[32m  | || |_| |[39m
[32m  | ||  _| |[39m
[32m  |_||_| |_|[39m
[32m      ͳ๏๏Ĺ§ ӺѺɌ ༏ҊϞͳɅɢ®Ⱥʍ[39m
c[32m[39m
[32m _____ __ _[39m
[32m|_   _/ _(_)[39m
[32m  | || |_| |[39m
[32m  | ||  _| |[39m
[32m  |_||_| |_|[39m
[32m      ͳѺʘĹϟ Ӻ۝Я ༏ΠϨŁΔɢ®Δӎ[39m
c[32m[39m
[32m _____ __ _[39m
[32m|_   _/ _(_)[39m
[32m  | || |_| |[39m
[32m  | ||  _| |[39m
[32m  |_||_| |_|[39m
[32m      Ł۝๏Ĺϟ Ӻ๏Ɍ ༏ҊϞŁɅɢ®ĄӍ[39m
c[32m[39m
[32m _____ __ _[39m
[32m|_   _/ _(_)[39m
[32m  | || |_| |[39m
[32m  | ||  _| |[39m
[32m  |_||_| |_|[39m
[32m      ͳø۝ĹϨ ӺʘƦ ༏ÑϞͳȺɢȐȺӍ[39m
c[32m[39m
[32m _____ __ _[39m
[32m|_   _/ _(_)[39m
[32m  | || |_| |[39m
[32m  | ||  _| |[39m
[32m  |_||_| |_|[39m
[32m      ŦõøĹϞ ӺʘЯ ༏ÑϟŦΛɢȐȺӎ[39m
c[32m[39m
[32m _____ __ _[39m
[32m|_   _/ _(_)[39m
[32m  | || |_| |[39m
[32m  | ||  _| |[39m
[32m  |_||_| |_|[39m
[32m      Ŧ۝ǾĹϞ Ӻʘ® ༏ŋϞͳɅɢʀɅԠ[39m
c[32m[39m
[32m _____ __ _[39m
[32m|_   _/ _(_)[39m
[32m  | || |_| |[39m
[32m  | ||  _| |[39m
[32m  |_||_| |_|[39m
[32m      Tools for instagram by @Linkfy[39m
[33mNot using proxy[39m
[33mMobile/Residential proxy recommended[39m
[36mTrying to log with [39m[32m+4917624338305[39m
[36mCookies loaded[39m
[32mLogged in[39m
[32mOnline Mode[39m
